[debug] [2020-10-21T11:42:41.788Z] ----------------------------------------------------------------------
[debug] [2020-10-21T11:42:41.789Z] Command:       /usr/local/bin/node /usr/local/bin/firebase init
[debug] [2020-10-21T11:42:41.790Z] CLI Version:   8.7.0
[debug] [2020-10-21T11:42:41.790Z] Platform:      darwin
[debug] [2020-10-21T11:42:41.790Z] Node Version:  v12.16.3
[debug] [2020-10-21T11:42:41.791Z] Time:          Wed Oct 21 2020 17:12:41 GMT+0530 (India Standard Time)
[debug] [2020-10-21T11:42:41.791Z] ----------------------------------------------------------------------
[debug] [2020-10-21T11:42:41.791Z] 
[debug] [2020-10-21T11:42:41.800Z] > command requires scopes: ["email","openid","https://www.googleapis.com/auth/cloudplatformprojects.readonly","https://www.googleapis.com/auth/firebase","https://www.googleapis.com/auth/cloud-platform"]
[debug] [2020-10-21T11:42:41.800Z] > authorizing via signed-in user
[info] 
     ######## #### ########  ######## ########     ###     ######  ########
     ##        ##  ##     ## ##       ##     ##  ##   ##  ##       ##
     ######    ##  ########  ######   ########  #########  ######  ######
     ##        ##  ##    ##  ##       ##     ## ##     ##       ## ##
     ##       #### ##     ## ######## ########  ##     ##  ######  ########

You're about to initialize a Firebase project in this directory:

  /Users/mgangavarapu/Documents/CODE/Field-Expense-Tracker/Field-Expense-Tracker

Before we get started, keep in mind:

  * You are initializing in an existing Firebase project directory

[info] 
=== Project Setup
[info] 
[info] First, let's associate this project directory with a Firebase project.
[info] You can create multiple project aliases by running firebase use --add, 
[info] but for now we'll just set up a default project.
[info] 
[info] i  .firebaserc already has a default project, using field-expense-tracker. 
[debug] [2020-10-21T11:42:53.617Z] > refreshing access token with scopes: ["email","https://www.googleapis.com/auth/cloud-platform","https://www.googleapis.com/auth/cloudplatformprojects.readonly","https://www.googleapis.com/auth/firebase","openid"]
[debug] [2020-10-21T11:42:53.617Z] >>> HTTP REQUEST POST https://www.googleapis.com/oauth2/v3/token  
 <request body omitted>
[debug] [2020-10-21T11:42:53.809Z] <<< HTTP RESPONSE 200 {"pragma":"no-cache","date":"Wed, 21 Oct 2020 11:42:53 GMT","cache-control":"no-cache, no-store, max-age=0, must-revalidate","expires":"Mon, 01 Jan 1990 00:00:00 GMT","content-type":"application/json; charset=utf-8","vary":"X-Origin, Referer, Origin,Accept-Encoding","server":"scaffolding on HTTPServer2","x-xss-protection":"0","x-frame-options":"SAMEORIGIN","x-content-type-options":"nosniff","alt-svc":"h3-Q050=\":443\"; ma=2592000,h3-29=\":443\"; ma=2592000,h3-T051=\":443\"; ma=2592000,h3-T050=\":443\"; ma=2592000,h3-Q046=\":443\"; ma=2592000,h3-Q043=\":443\"; ma=2592000,quic=\":443\"; ma=2592000; v=\"46,43\"","accept-ranges":"none","transfer-encoding":"chunked"}
[debug] [2020-10-21T11:42:53.822Z] >>> HTTP REQUEST GET https://firebase.googleapis.com/v1beta1/projects/field-expense-tracker  
 
[debug] [2020-10-21T11:42:54.256Z] <<< HTTP RESPONSE 403 {"vary":"X-Origin, Referer, Origin,Accept-Encoding","content-type":"application/json; charset=UTF-8","date":"Wed, 21 Oct 2020 11:42:54 GMT","server":"ESF","cache-control":"private","x-xss-protection":"0","x-frame-options":"SAMEORIGIN","x-content-type-options":"nosniff","alt-svc":"h3-Q050=\":443\"; ma=2592000,h3-29=\":443\"; ma=2592000,h3-27=\":443\"; ma=2592000,h3-T051=\":443\"; ma=2592000,h3-T050=\":443\"; ma=2592000,h3-Q046=\":443\"; ma=2592000,h3-Q043=\":443\"; ma=2592000,quic=\":443\"; ma=2592000; v=\"46,43\"","accept-ranges":"none","transfer-encoding":"chunked"}
[debug] [2020-10-21T11:42:54.256Z] <<< HTTP RESPONSE BODY {"error":{"code":403,"message":"The caller does not have permission","status":"PERMISSION_DENIED"}}
[debug] [2020-10-21T11:42:54.259Z] HTTP Error: 403, The caller does not have permission
[debug] [2020-10-21T11:42:54.385Z] FirebaseError: HTTP Error: 403, The caller does not have permission
    at module.exports (/Users/mgangavarapu/.config/yarn/global/node_modules/firebase-tools/lib/responseToError.js:38:12)
    at Request._callback (/Users/mgangavarapu/.config/yarn/global/node_modules/firebase-tools/lib/api.js:41:35)
    at Request.self.callback (/Users/mgangavarapu/.config/yarn/global/node_modules/request/request.js:185:22)
    at Request.emit (events.js:310:20)
    at Request.EventEmitter.emit (domain.js:482:12)
    at Request.<anonymous> (/Users/mgangavarapu/.config/yarn/global/node_modules/request/request.js:1154:10)
    at Request.emit (events.js:310:20)
    at Request.EventEmitter.emit (domain.js:482:12)
    at IncomingMessage.<anonymous> (/Users/mgangavarapu/.config/yarn/global/node_modules/request/request.js:1076:12)
    at Object.onceWrapper (events.js:416:28)
    at IncomingMessage.emit (events.js:322:22)
    at IncomingMessage.EventEmitter.emit (domain.js:482:12)
    at endReadableNT (_stream_readable.js:1187:12)
    at processTicksAndRejections (internal/process/task_queues.js:84:21)
[error] 
[error] Error: Failed to get Firebase project field-expense-tracker. Please make sure the project exists and your account has permission to access it.
[debug] [2020-10-21T11:43:20.817Z] ----------------------------------------------------------------------
[debug] [2020-10-21T11:43:20.819Z] Command:       /usr/local/bin/node /usr/local/bin/firebase init
[debug] [2020-10-21T11:43:20.819Z] CLI Version:   8.7.0
[debug] [2020-10-21T11:43:20.819Z] Platform:      darwin
[debug] [2020-10-21T11:43:20.819Z] Node Version:  v12.16.3
[debug] [2020-10-21T11:43:20.820Z] Time:          Wed Oct 21 2020 17:13:20 GMT+0530 (India Standard Time)
[debug] [2020-10-21T11:43:20.820Z] ----------------------------------------------------------------------
[debug] [2020-10-21T11:43:20.820Z] 
[debug] [2020-10-21T11:43:20.826Z] > command requires scopes: ["email","openid","https://www.googleapis.com/auth/cloudplatformprojects.readonly","https://www.googleapis.com/auth/firebase","https://www.googleapis.com/auth/cloud-platform"]
[debug] [2020-10-21T11:43:20.827Z] > authorizing via signed-in user
[info] 
     ######## #### ########  ######## ########     ###     ######  ########
     ##        ##  ##     ## ##       ##     ##  ##   ##  ##       ##
     ######    ##  ########  ######   ########  #########  ######  ######
     ##        ##  ##    ##  ##       ##     ## ##     ##       ## ##
     ##       #### ##     ## ######## ########  ##     ##  ######  ########

You're about to initialize a Firebase project in this directory:

  /Users/mgangavarapu/Documents/CODE/Field-Expense-Tracker/Field-Expense-Tracker

Before we get started, keep in mind:

  * You are initializing in an existing Firebase project directory

[info] 
=== Project Setup
[info] 
[info] First, let's associate this project directory with a Firebase project.
[info] You can create multiple project aliases by running firebase use --add, 
[info] but for now we'll just set up a default project.
[info] 
[info] i  .firebaserc already has a default project, using field-expense-tracker. 
[debug] [2020-10-21T11:43:28.242Z] >>> HTTP REQUEST GET https://firebase.googleapis.com/v1beta1/projects/field-expense-tracker  
 
[debug] [2020-10-21T11:43:28.635Z] <<< HTTP RESPONSE 403 {"vary":"X-Origin, Referer, Origin,Accept-Encoding","content-type":"application/json; charset=UTF-8","date":"Wed, 21 Oct 2020 11:43:28 GMT","server":"ESF","cache-control":"private","x-xss-protection":"0","x-frame-options":"SAMEORIGIN","x-content-type-options":"nosniff","alt-svc":"h3-Q050=\":443\"; ma=2592000,h3-29=\":443\"; ma=2592000,h3-27=\":443\"; ma=2592000,h3-T051=\":443\"; ma=2592000,h3-T050=\":443\"; ma=2592000,h3-Q046=\":443\"; ma=2592000,h3-Q043=\":443\"; ma=2592000,quic=\":443\"; ma=2592000; v=\"46,43\"","accept-ranges":"none","transfer-encoding":"chunked"}
[debug] [2020-10-21T11:43:28.635Z] <<< HTTP RESPONSE BODY {"error":{"code":403,"message":"The caller does not have permission","status":"PERMISSION_DENIED"}}
[debug] [2020-10-21T11:43:28.636Z] HTTP Error: 403, The caller does not have permission
[debug] [2020-10-21T11:43:28.800Z] FirebaseError: HTTP Error: 403, The caller does not have permission
    at module.exports (/Users/mgangavarapu/.config/yarn/global/node_modules/firebase-tools/lib/responseToError.js:38:12)
    at Request._callback (/Users/mgangavarapu/.config/yarn/global/node_modules/firebase-tools/lib/api.js:41:35)
    at Request.self.callback (/Users/mgangavarapu/.config/yarn/global/node_modules/request/request.js:185:22)
    at Request.emit (events.js:310:20)
    at Request.EventEmitter.emit (domain.js:482:12)
    at Request.<anonymous> (/Users/mgangavarapu/.config/yarn/global/node_modules/request/request.js:1154:10)
    at Request.emit (events.js:310:20)
    at Request.EventEmitter.emit (domain.js:482:12)
    at IncomingMessage.<anonymous> (/Users/mgangavarapu/.config/yarn/global/node_modules/request/request.js:1076:12)
    at Object.onceWrapper (events.js:416:28)
    at IncomingMessage.emit (events.js:322:22)
    at IncomingMessage.EventEmitter.emit (domain.js:482:12)
    at endReadableNT (_stream_readable.js:1187:12)
    at processTicksAndRejections (internal/process/task_queues.js:84:21)
[error] 
[error] Error: Failed to get Firebase project field-expense-tracker. Please make sure the project exists and your account has permission to access it.
